<?xml version="1.0" encoding="UTF-8"?>
<!-- Generated by org.testng.reporters.JUnitXMLReporter -->
<testsuite ignored="0" hostname="DESKTOP-D7C059L" failures="0" tests="3" name="Car Loan" time="0.015" errors="0" timestamp="2020-02-10T11:13:12 EST">
  <testcase classname="Test.Day3" name="Websignincarloan" time="0.001"/>
  <testcase classname="Test.Day3" name="MobileLogincarloan" time="0.001"/>
  <testcase classname="Test.Day3" name="ApiLoginApicarloan" time="0.002"/>
</testsuite> <!-- Car Loan -->
