<?xml version="1.0" encoding="UTF-8"?>
<!-- Generated by org.testng.reporters.JUnitXMLReporter -->
<testsuite ignored="6" hostname="DESKTOP-D7C059L" failures="0" tests="3" name="regression test" time="0.047" errors="0" timestamp="2020-02-09T20:08:39 EST">
  <testcase classname="Test.Day2" name="ploan" time="0.016"/>
  <testcase classname="Test.Day4" name="weblogincarHome" time="0.0"/>
  <testcase classname="Test.Day3" name="MobileLogincarloan" time="0.0"/>
  <testcase classname="Test.Day1" name="SecondTest" time="0.0">
    <ignored/>
  </testcase> <!-- SecondTest -->
  <testcase classname="Test.Day1" name="Demo" time="0.0">
    <ignored/>
  </testcase> <!-- Demo -->
  <testcase classname="Test.Day4" name="LoginApiHome" time="0.0">
    <ignored/>
  </testcase> <!-- LoginApiHome -->
  <testcase classname="Test.Day3" name="MobileLoginApicarloan" time="0.0">
    <ignored/>
  </testcase> <!-- MobileLoginApicarloan -->
  <testcase classname="Test.Day4" name="MobileLoginHome" time="0.0">
    <ignored/>
  </testcase> <!-- MobileLoginHome -->
  <testcase classname="Test.Day3" name="Mobilelogincarloan" time="0.0">
    <ignored/>
  </testcase> <!-- Mobilelogincarloan -->
</testsuite> <!-- regression test -->
