<?xml version="1.0" encoding="UTF-8"?>
<!-- Generated by org.testng.reporters.JUnitXMLReporter -->
<testsuite ignored="1" hostname="DESKTOP-D7C059L" failures="0" tests="5" name="Test" time="0.062" errors="0" timestamp="2020-02-10T11:13:12 EST">
  <testcase classname="Test.Day1" name="Demo" time="0.006"/>
  <testcase classname="Test.Day2" name="ploan" time="0.002"/>
  <testcase classname="Test.Day4" name="LoginApiHome" time="0.002"/>
  <testcase classname="Test.Day4" name="MobileLoginHome" time="0.003"/>
  <testcase classname="Test.Day4" name="weblogincarHome" time="0.004"/>
  <testcase classname="Test.Day1" name="SecondTest" time="0.0">
    <ignored/>
  </testcase> <!-- SecondTest -->
</testsuite> <!-- Test -->
