<?xml version="1.0" encoding="UTF-8"?>
<testng-results ignored="1" total="9" passed="8" failed="0" skipped="0">
  <reporter-output>
  </reporter-output>
  <suite started-at="2020-02-10T11:13:12 EST" name="Loan Department" finished-at="2020-02-10T11:13:12 EST" duration-ms="157">
    <groups>
      <group name="smoke">
        <method signature="Day2.ploan()[pri:0, instance:Test.Day2@41c2284a]" name="ploan" class="Test.Day2"/>
        <method signature="Day4.weblogincarHome()[pri:0, instance:Test.Day4@1fb700ee]" name="weblogincarHome" class="Test.Day4"/>
        <method signature="Day3.MobileLogincarloan()[pri:0, instance:Test.Day3@6b8ca3c8]" name="MobileLogincarloan" class="Test.Day3"/>
      </group> <!-- smoke -->
    </groups>
    <test started-at="2020-02-10T11:13:12 EST" name="Test" finished-at="2020-02-10T11:13:12 EST" duration-ms="62">
      <class name="Test.Day2">
        <test-method is-config="true" signature="prerequisite()[pri:0, instance:Test.Day2@41c2284a]" started-at="2020-02-10T11:13:12 EST" name="prerequisite" finished-at="2020-02-10T11:13:12 EST" duration-ms="1" status="PASS">
          <reporter-output>
          </reporter-output>
        </test-method> <!-- prerequisite -->
        <test-method signature="ploan()[pri:0, instance:Test.Day2@41c2284a]" started-at="2020-02-10T11:13:12 EST" name="ploan" finished-at="2020-02-10T11:13:12 EST" duration-ms="2" status="PASS">
          <reporter-output>
          </reporter-output>
        </test-method> <!-- ploan -->
      </class> <!-- Test.Day2 -->
      <class name="Test.Day1">
        <test-method signature="Demo()[pri:0, instance:Test.Day1@46fa7c39]" started-at="2020-02-10T11:13:12 EST" name="Demo" finished-at="2020-02-10T11:13:12 EST" duration-ms="6" status="PASS">
          <reporter-output>
          </reporter-output>
        </test-method> <!-- Demo -->
        <test-method is-config="true" signature="lastexecution()[pri:0, instance:Test.Day1@46fa7c39]" started-at="2020-02-10T11:13:12 EST" name="lastexecution" finished-at="2020-02-10T11:13:12 EST" duration-ms="1" status="PASS">
          <reporter-output>
          </reporter-output>
        </test-method> <!-- lastexecution -->
      </class> <!-- Test.Day1 -->
      <class name="Test.Day4">
        <test-method signature="LoginApiHome()[pri:0, instance:Test.Day4@1fb700ee]" started-at="2020-02-10T11:13:12 EST" name="LoginApiHome" finished-at="2020-02-10T11:13:12 EST" duration-ms="2" status="PASS">
          <reporter-output>
          </reporter-output>
        </test-method> <!-- LoginApiHome -->
        <test-method signature="MobileLoginHome(java.lang.String)[pri:0, instance:Test.Day4@1fb700ee]" started-at="2020-02-10T11:13:12 EST" name="MobileLoginHome" finished-at="2020-02-10T11:13:12 EST" duration-ms="3" status="PASS">
          <params>
            <param index="0">
              <value>
                <![CDATA[personalloan.com]]>
              </value>
            </param>
          </params>
          <reporter-output>
          </reporter-output>
        </test-method> <!-- MobileLoginHome -->
        <test-method signature="weblogincarHome()[pri:0, instance:Test.Day4@1fb700ee]" started-at="2020-02-10T11:13:12 EST" name="weblogincarHome" finished-at="2020-02-10T11:13:12 EST" duration-ms="4" status="PASS">
          <reporter-output>
          </reporter-output>
        </test-method> <!-- weblogincarHome -->
      </class> <!-- Test.Day4 -->
    </test> <!-- Test -->
    <test started-at="2020-02-10T11:13:12 EST" name="Car Loan" finished-at="2020-02-10T11:13:12 EST" duration-ms="15">
      <class name="Test.Day3">
        <test-method is-config="true" signature="BFSuite()[pri:0, instance:Test.Day3@6b8ca3c8]" started-at="2020-02-10T11:13:12 EST" name="BFSuite" finished-at="2020-02-10T11:13:12 EST" duration-ms="10" status="PASS">
          <reporter-output>
          </reporter-output>
        </test-method> <!-- BFSuite -->
        <test-method is-config="true" signature="beforeevery()[pri:0, instance:Test.Day3@6b8ca3c8]" started-at="2020-02-10T11:13:12 EST" name="beforeevery" finished-at="2020-02-10T11:13:12 EST" duration-ms="0" status="PASS">
          <reporter-output>
          </reporter-output>
        </test-method> <!-- beforeevery -->
        <test-method signature="Websignincarloan(java.lang.String)[pri:0, instance:Test.Day3@6b8ca3c8]" started-at="2020-02-10T11:13:12 EST" name="Websignincarloan" finished-at="2020-02-10T11:13:12 EST" duration-ms="1" status="PASS">
          <params>
            <param index="0">
              <value>
                <![CDATA[carloan.com]]>
              </value>
            </param>
          </params>
          <reporter-output>
          </reporter-output>
        </test-method> <!-- Websignincarloan -->
        <test-method is-config="true" signature="afterevery()[pri:0, instance:Test.Day3@6b8ca3c8]" started-at="2020-02-10T11:13:12 EST" name="afterevery" finished-at="2020-02-10T11:13:12 EST" duration-ms="1" status="PASS">
          <reporter-output>
          </reporter-output>
        </test-method> <!-- afterevery -->
        <test-method is-config="true" signature="beforeevery()[pri:0, instance:Test.Day3@6b8ca3c8]" started-at="2020-02-10T11:13:12 EST" name="beforeevery" finished-at="2020-02-10T11:13:12 EST" duration-ms="1" status="PASS">
          <reporter-output>
          </reporter-output>
        </test-method> <!-- beforeevery -->
        <test-method signature="MobileLogincarloan()[pri:0, instance:Test.Day3@6b8ca3c8]" started-at="2020-02-10T11:13:12 EST" name="MobileLogincarloan" finished-at="2020-02-10T11:13:12 EST" duration-ms="1" status="PASS">
          <reporter-output>
          </reporter-output>
        </test-method> <!-- MobileLogincarloan -->
        <test-method is-config="true" signature="afterevery()[pri:0, instance:Test.Day3@6b8ca3c8]" started-at="2020-02-10T11:13:12 EST" name="afterevery" finished-at="2020-02-10T11:13:12 EST" duration-ms="0" status="PASS">
          <reporter-output>
          </reporter-output>
        </test-method> <!-- afterevery -->
        <test-method signature="ApiLoginApicarloan()[pri:0, instance:Test.Day3@6b8ca3c8]" started-at="2020-02-10T11:13:12 EST" name="ApiLoginApicarloan" finished-at="2020-02-10T11:13:12 EST" depends-on-methods="Test.Day3.Websignincarloan" duration-ms="2" status="PASS">
          <reporter-output>
          </reporter-output>
        </test-method> <!-- ApiLoginApicarloan -->
        <test-method is-config="true" signature="beforeevery()[pri:0, instance:Test.Day3@6b8ca3c8]" started-at="2020-02-10T11:13:12 EST" name="beforeevery" finished-at="2020-02-10T11:13:12 EST" duration-ms="0" status="PASS">
          <reporter-output>
          </reporter-output>
        </test-method> <!-- beforeevery -->
        <test-method is-config="true" signature="afterevery()[pri:0, instance:Test.Day3@6b8ca3c8]" started-at="2020-02-10T11:13:12 EST" name="afterevery" finished-at="2020-02-10T11:13:12 EST" duration-ms="0" status="PASS">
          <reporter-output>
          </reporter-output>
        </test-method> <!-- afterevery -->
      </class> <!-- Test.Day3 -->
      <class name="Test.Day1">
        <test-method is-config="true" signature="afsuite()[pri:0, instance:Test.Day1@46fa7c39]" started-at="2020-02-10T11:13:12 EST" name="afsuite" finished-at="2020-02-10T11:13:12 EST" duration-ms="0" status="PASS">
          <reporter-output>
          </reporter-output>
        </test-method> <!-- afsuite -->
      </class> <!-- Test.Day1 -->
    </test> <!-- Car Loan -->
  </suite> <!-- Loan Department -->
</testng-results>
